This is pdfTeX, Version 3.14159265-2.6-1.40.20 (MiKTeX 2.9.7140 64-bit) (preloaded format=pdflatex 2019.9.5)  23 AUG 2020 17:20
entering extended mode
**./vorlage.tex
(vorlage.tex
LaTeX2e <2018-12-01>

("C:\Users\Daniel Wildegger\AppData\Local\Programs\MiKTeX 2.9\tex/latex/koma-sc
ript\scrbook.cls"
Document Class: scrbook 2020/07/22 v3.31 KOMA-Script document class (book)

("C:\Users\Daniel Wildegger\AppData\Local\Programs\MiKTeX 2.9\tex/latex/koma-sc
ript\scrkbase.sty"
Package: scrkbase 2020/07/22 v3.31 KOMA-Script package (KOMA-Script-dependent b
asics and keyval usage)

("C:\Users\Daniel Wildegger\AppData\Local\Programs\MiKTeX 2.9\tex/latex/koma-sc
ript\scrbase.sty"
Package: scrbase 2020/07/22 v3.31 KOMA-Script package (KOMA-Script-independent 
basics and keyval usage)

("C:\Users\Daniel Wildegger\AppData\Local\Programs\MiKTeX 2.9\tex/latex/graphic
s\keyval.sty"
Package: keyval 2014/10/28 v1.15 key=value parser (DPC)
\KV@toks@=\toks14
)
("C:\Users\Daniel Wildegger\AppData\Local\Programs\MiKTeX 2.9\tex/latex/koma-sc
ript\scrlfile.sty"
Package: scrlfile 2020/07/22 v3.31 KOMA-Script package (loading files)
)))
("C:\Users\Daniel Wildegger\AppData\Local\Programs\MiKTeX 2.9\tex/latex/koma-sc
ript\tocbasic.sty"
Package: tocbasic 2020/07/22 v3.31 KOMA-Script package (handling toc-files)
\scr@dte@tocline@numberwidth=\skip41
\scr@dte@tocline@numbox=\box27
)
Package tocbasic Info: omitting babel extension for `toc'
(tocbasic)             because of feature `nobabel' available
(tocbasic)             for `toc' on input line 137.
Package scrbook Info: You've used standard option `12pt'.
(scrbook)             This is correct!
(scrbook)             Internally I'm using `fontsize=12pt'.
(scrbook)             If you'd like to set the option with \KOMAoptions,
(scrbook)             you'd have to use `fontsize=12pt' there
(scrbook)             instead of `12pt', too.
Class scrbook Info: You've used standard option `oneside'.
(scrbook)           This is correct!
(scrbook)           Internally I'm using `twoside=false'.
(scrbook)           If you'd like to set the option with \KOMAoptions,
(scrbook)           you'd have to use `twoside=false' there
(scrbook)           instead of `oneside', too.
Class scrbook Info: File `scrsize12pt.clo' used to setup font sizes on input li
ne 2436.

("C:\Users\Daniel Wildegger\AppData\Local\Programs\MiKTeX 2.9\tex/latex/koma-sc
ript\scrsize12pt.clo"
File: scrsize12pt.clo 2020/07/22 v3.31 KOMA-Script font size class option (12pt
)
)
("C:\Users\Daniel Wildegger\AppData\Local\Programs\MiKTeX 2.9\tex/latex/koma-sc
ript\typearea.sty"
Package: typearea 2020/07/22 v3.31 KOMA-Script package (type area)
\ta@bcor=\skip42
\ta@div=\count80
Package typearea Info: You've used standard option `oneside'.
(typearea)             This is correct!
(typearea)             Internally I'm using `twoside=false'.
(typearea)             If you'd like to set the option with \KOMAoptions,
(typearea)             you'd have to use `twoside=false' there
(typearea)             instead of `oneside', too.
\ta@hblk=\skip43
\ta@vblk=\skip44
\ta@temp=\skip45
\footheight=\skip46
Package typearea Info: These are the values describing the layout:
(typearea)             DIV  = 12
(typearea)             BCOR = 0.0pt
(typearea)             \paperwidth      = 597.50793pt
(typearea)              \textwidth      = 448.13095pt
(typearea)              DIV departure   = -6%
(typearea)              \evensidemargin = 2.4185pt
(typearea)              \oddsidemargin  = 2.4185pt
(typearea)             \paperheight     = 845.04694pt
(typearea)              \textheight     = 635.5pt
(typearea)              \topmargin      = -41.72441pt
(typearea)              \headheight     = 18.125pt
(typearea)              \headsep        = 21.75pt
(typearea)              \topskip        = 12.0pt
(typearea)              \footskip       = 50.75pt
(typearea)              \baselineskip   = 14.5pt
(typearea)              on input line 1739.
)
\c@part=\count81
\c@chapter=\count82
\c@section=\count83
\c@subsection=\count84
\c@subsubsection=\count85
\c@paragraph=\count86
\c@subparagraph=\count87
\scr@dte@chapter@maxnumwidth=\skip47
Class scrbook Info: using compatibility default `afterindent=bysign'
(scrbook)           for `\chapter on input line 5624.
\scr@dte@section@maxnumwidth=\skip48
Class scrbook Info: using compatibility default `runin=bysign'
(scrbook)           for `\section on input line 5635.
Class scrbook Info: using compatibility default `afterindent=bysign'
(scrbook)           for `\section on input line 5635.
\scr@dte@part@maxnumwidth=\skip49
Class scrbook Info: using compatibility default `afterindent=true'
(scrbook)           for `\part on input line 5644.
\scr@dte@subsection@maxnumwidth=\skip50
Class scrbook Info: using compatibility default `runin=bysign'
(scrbook)           for `\subsection on input line 5654.
Class scrbook Info: using compatibility default `afterindent=bysign'
(scrbook)           for `\subsection on input line 5654.
\scr@dte@subsubsection@maxnumwidth=\skip51
Class scrbook Info: using compatibility default `runin=bysign'
(scrbook)           for `\subsubsection on input line 5664.
Class scrbook Info: using compatibility default `afterindent=bysign'
(scrbook)           for `\subsubsection on input line 5664.
\scr@dte@paragraph@maxnumwidth=\skip52
Class scrbook Info: using compatibility default `runin=bysign'
(scrbook)           for `\paragraph on input line 5675.
Class scrbook Info: using compatibility default `afterindent=bysign'
(scrbook)           for `\paragraph on input line 5675.
\scr@dte@subparagraph@maxnumwidth=\skip53
Class scrbook Info: using compatibility default `runin=bysign'
(scrbook)           for `\subparagraph on input line 5685.
Class scrbook Info: using compatibility default `afterindent=bysign'
(scrbook)           for `\subparagraph on input line 5685.
\abovecaptionskip=\skip54
\belowcaptionskip=\skip55
\c@pti@nb@sid@b@x=\box28
Package tocbasic Info: omitting babel extension for `lof'
(tocbasic)             because of feature `nobabel' available
(tocbasic)             for `lof' on input line 6928.
\scr@dte@figure@maxnumwidth=\skip56
\c@figure=\count88
Package tocbasic Info: omitting babel extension for `lot'
(tocbasic)             because of feature `nobabel' available
(tocbasic)             for `lot' on input line 6949.
\scr@dte@table@maxnumwidth=\skip57
\c@table=\count89
Class scrbook Info: Redefining `\numberline' on input line 7122.
\bibindent=\dimen102
)
("C:\Users\Daniel Wildegger\AppData\Local\Programs\MiKTeX 2.9\tex/generic/babel
\babel.sty"
Package: babel 2019/07/19 3.33 The Babel package

("C:\Users\Daniel Wildegger\AppData\Local\Programs\MiKTeX 2.9\tex/generic/babel
\switch.def"
File: switch.def 2019/07/19 3.33 Babel switching mechanism
)
*************************************
* Local config file bblopts.cfg used
*

("C:\Users\Daniel Wildegger\AppData\Local\Programs\MiKTeX 2.9\tex/latex/arabi\b
blopts.cfg"
File: bblopts.cfg 2005/09/08 v0.1 add Arabic and Farsi to "declared" options of
 babel
)
("C:\Users\Daniel Wildegger\AppData\Local\Programs\MiKTeX 2.9\tex/latex/babel-e
nglish\english.ldf"
Language: english 2017/06/06 v3.3r English support from the babel system

("C:\Users\Daniel Wildegger\AppData\Local\Programs\MiKTeX 2.9\tex/generic/babel
\babel.def"
File: babel.def 2019/07/19 3.33 Babel common definitions
\babel@savecnt=\count90
\U@D=\dimen103

("C:\Users\Daniel Wildegger\AppData\Local\Programs\MiKTeX 2.9\tex/generic/babel
\txtbabel.def")
\bbl@dirlevel=\count91
)
\l@canadian = a dialect from \language\l@american 
\l@australian = a dialect from \language\l@british 
\l@newzealand = a dialect from \language\l@british 
))
("C:\Users\Daniel Wildegger\AppData\Local\Programs\MiKTeX 2.9\tex/latex/base\in
putenc.sty"
Package: inputenc 2018/08/11 v1.3c Input encoding file
\inpenc@prehook=\toks15
\inpenc@posthook=\toks16
)
("C:\Users\Daniel Wildegger\AppData\Local\Programs\MiKTeX 2.9\tex/latex/base\fo
ntenc.sty"
Package: fontenc 2018/08/11 v2.0j Standard LaTeX package

("C:\Users\Daniel Wildegger\AppData\Local\Programs\MiKTeX 2.9\tex/latex/base\t1
enc.def"
File: t1enc.def 2018/08/11 v2.0j Standard LaTeX file
LaTeX Font Info:    Redeclaring font encoding T1 on input line 48.
))
("C:\Users\Daniel Wildegger\AppData\Local\Programs\MiKTeX 2.9\tex/latex/tools\x
space.sty"
Package: xspace 2014/10/28 v1.13 Space after command names (DPC,MH)
)
("C:\Users\Daniel Wildegger\AppData\Local\Programs\MiKTeX 2.9\tex/latex/url\url
.sty"
\Urlmuskip=\muskip10
Package: url 2013/09/16  ver 3.4  Verb mode for urls, etc.
)
("C:\Users\Daniel Wildegger\AppData\Local\Programs\MiKTeX 2.9\tex/latex/listing
s\listings.sty"
\lst@mode=\count92
\lst@gtempboxa=\box29
\lst@token=\toks17
\lst@length=\count93
\lst@currlwidth=\dimen104
\lst@column=\count94
\lst@pos=\count95
\lst@lostspace=\dimen105
\lst@width=\dimen106
\lst@newlines=\count96
\lst@lineno=\count97
\lst@maxwidth=\dimen107

("C:\Users\Daniel Wildegger\AppData\Local\Programs\MiKTeX 2.9\tex/latex/listing
s\lstmisc.sty"
File: lstmisc.sty 2020/03/24 1.8d (Carsten Heinz)
\c@lstnumber=\count98
\lst@skipnumbers=\count99
\lst@framebox=\box30
)
("C:\Users\Daniel Wildegger\AppData\Local\Programs\MiKTeX 2.9\tex/latex/listing
s\listings.cfg"
File: listings.cfg 2020/03/24 1.8d listings configuration
))
Package: listings 2020/03/24 1.8d (Carsten Heinz)

("C:\Users\Daniel Wildegger\AppData\Local\Programs\MiKTeX 2.9\tex/latex/hyperre
f\hyperref.sty"
Package: hyperref 2019/06/12 v6.88h Hypertext links for LaTeX

("C:\Users\Daniel Wildegger\AppData\Local\Programs\MiKTeX 2.9\tex/generic/oberd
iek\hobsub-hyperref.sty"
Package: hobsub-hyperref 2016/05/16 v1.14 Bundle oberdiek, subset hyperref (HO)


("C:\Users\Daniel Wildegger\AppData\Local\Programs\MiKTeX 2.9\tex/generic/oberd
iek\hobsub-generic.sty"
Package: hobsub-generic 2016/05/16 v1.14 Bundle oberdiek, subset generic (HO)
Package: hobsub 2016/05/16 v1.14 Construct package bundles (HO)
Package: infwarerr 2016/05/16 v1.4 Providing info/warning/error messages (HO)
Package: ltxcmds 2016/05/16 v1.23 LaTeX kernel commands for general use (HO)
Package: ifluatex 2016/05/16 v1.4 Provides the ifluatex switch (HO)
Package ifluatex Info: LuaTeX not detected.
Package: ifvtex 2016/05/16 v1.6 Detect VTeX and its facilities (HO)
Package ifvtex Info: VTeX not detected.
Package: intcalc 2016/05/16 v1.2 Expandable calculations with integers (HO)
Package: ifpdf 2018/09/07 v3.3 Provides the ifpdf switch
Package: etexcmds 2016/05/16 v1.6 Avoid name clashes with e-TeX commands (HO)
Package: kvsetkeys 2016/05/16 v1.17 Key value parser (HO)
Package: kvdefinekeys 2016/05/16 v1.4 Define keys (HO)
Package: pdftexcmds 2019/07/25 v0.30 Utility functions of pdfTeX for LuaTeX (HO
)
Package pdftexcmds Info: LuaTeX not detected.
Package pdftexcmds Info: \pdf@primitive is available.
Package pdftexcmds Info: \pdf@ifprimitive is available.
Package pdftexcmds Info: \pdfdraftmode found.
Package: pdfescape 2016/05/16 v1.14 Implements pdfTeX's escape features (HO)
Package: bigintcalc 2016/05/16 v1.4 Expandable calculations on big integers (HO
)
Package: bitset 2016/05/16 v1.2 Handle bit-vector datatype (HO)
Package: uniquecounter 2016/05/16 v1.3 Provide unlimited unique counter (HO)
)
Package hobsub Info: Skipping package `hobsub' (already loaded).
Package: letltxmacro 2016/05/16 v1.5 Let assignment for LaTeX macros (HO)
Package: hopatch 2016/05/16 v1.3 Wrapper for package hooks (HO)
Package: xcolor-patch 2016/05/16 xcolor patch
Package: atveryend 2016/05/16 v1.9 Hooks at the very end of document (HO)
Package atveryend Info: \enddocument detected (standard20110627).
Package: atbegshi 2016/06/09 v1.18 At begin shipout hook (HO)
Package: refcount 2016/05/16 v3.5 Data extraction from label references (HO)
Package: hycolor 2016/05/16 v1.8 Color options for hyperref/bookmark (HO)
)
("C:\Users\Daniel Wildegger\AppData\Local\Programs\MiKTeX 2.9\tex/generic/ifxet
ex\ifxetex.sty"
Package: ifxetex 2010/09/12 v0.6 Provides ifxetex conditional
)
("C:\Users\Daniel Wildegger\AppData\Local\Programs\MiKTeX 2.9\tex/latex/oberdie
k\auxhook.sty"
Package: auxhook 2016/05/16 v1.4 Hooks for auxiliary files (HO)
)
("C:\Users\Daniel Wildegger\AppData\Local\Programs\MiKTeX 2.9\tex/latex/oberdie
k\kvoptions.sty"
Package: kvoptions 2016/05/16 v3.12 Key value format for package options (HO)
)
\@linkdim=\dimen108
\Hy@linkcounter=\count100
\Hy@pagecounter=\count101

("C:\Users\Daniel Wildegger\AppData\Local\Programs\MiKTeX 2.9\tex/latex/hyperre
f\pd1enc.def"
File: pd1enc.def 2019/06/12 v6.88h Hyperref: PDFDocEncoding definition (HO)
Now handling font encoding PD1 ...
... no UTF-8 mapping file for font encoding PD1
)
\Hy@SavedSpaceFactor=\count102

("C:\Users\Daniel Wildegger\AppData\Local\Programs\MiKTeX 2.9\tex/latex/00mikte
x\hyperref.cfg"
File: hyperref.cfg 2002/06/06 v1.2 hyperref configuration of TeXLive
)
Package hyperref Info: Hyper figures OFF on input line 4550.
Package hyperref Info: Link nesting OFF on input line 4555.
Package hyperref Info: Hyper index ON on input line 4558.
Package hyperref Info: Plain pages OFF on input line 4565.
Package hyperref Info: Backreferencing OFF on input line 4570.
Package hyperref Info: Implicit mode ON; LaTeX internals redefined.
Package hyperref Info: Bookmarks ON on input line 4803.
\c@Hy@tempcnt=\count103
LaTeX Info: Redefining \url on input line 5156.
\XeTeXLinkMargin=\dimen109
\Fld@menulength=\count104
\Field@Width=\dimen110
\Fld@charsize=\dimen111
Package hyperref Info: Hyper figures OFF on input line 6411.
Package hyperref Info: Link nesting OFF on input line 6416.
Package hyperref Info: Hyper index ON on input line 6419.
Package hyperref Info: backreferencing OFF on input line 6426.
Package hyperref Info: Link coloring OFF on input line 6431.
Package hyperref Info: Link coloring with OCG OFF on input line 6436.
Package hyperref Info: PDF/A mode OFF on input line 6441.
LaTeX Info: Redefining \ref on input line 6481.
LaTeX Info: Redefining \pageref on input line 6485.
\Hy@abspage=\count105
\c@Item=\count106
\c@Hfootnote=\count107
)
Package hyperref Info: Driver (autodetected): hpdftex.

("C:\Users\Daniel Wildegger\AppData\Local\Programs\MiKTeX 2.9\tex/latex/hyperre
f\hpdftex.def"
File: hpdftex.def 2019/06/12 v6.88h Hyperref driver for pdfTeX
\Fld@listcount=\count108
\c@bookmark@seq@number=\count109

("C:\Users\Daniel Wildegger\AppData\Local\Programs\MiKTeX 2.9\tex/latex/oberdie
k\rerunfilecheck.sty"
Package: rerunfilecheck 2016/05/16 v1.8 Rerun checks for auxiliary files (HO)
Package uniquecounter Info: New unique counter `rerunfilecheck' on input line 2
82.
)
\Hy@SectionHShift=\skip58
)
("C:\Users\Daniel Wildegger\AppData\Local\Programs\MiKTeX 2.9\tex/latex/lm\lmod
ern.sty"
Package: lmodern 2009/10/30 v1.6 Latin Modern Fonts
LaTeX Font Info:    Overwriting symbol font `operators' in version `normal'
(Font)                  OT1/cmr/m/n --> OT1/lmr/m/n on input line 22.
LaTeX Font Info:    Overwriting symbol font `letters' in version `normal'
(Font)                  OML/cmm/m/it --> OML/lmm/m/it on input line 23.
LaTeX Font Info:    Overwriting symbol font `symbols' in version `normal'
(Font)                  OMS/cmsy/m/n --> OMS/lmsy/m/n on input line 24.
LaTeX Font Info:    Overwriting symbol font `largesymbols' in version `normal'
(Font)                  OMX/cmex/m/n --> OMX/lmex/m/n on input line 25.
LaTeX Font Info:    Overwriting symbol font `operators' in version `bold'
(Font)                  OT1/cmr/bx/n --> OT1/lmr/bx/n on input line 26.
LaTeX Font Info:    Overwriting symbol font `letters' in version `bold'
(Font)                  OML/cmm/b/it --> OML/lmm/b/it on input line 27.
LaTeX Font Info:    Overwriting symbol font `symbols' in version `bold'
(Font)                  OMS/cmsy/b/n --> OMS/lmsy/b/n on input line 28.
LaTeX Font Info:    Overwriting symbol font `largesymbols' in version `bold'
(Font)                  OMX/cmex/m/n --> OMX/lmex/m/n on input line 29.
LaTeX Font Info:    Overwriting math alphabet `\mathbf' in version `normal'
(Font)                  OT1/cmr/bx/n --> OT1/lmr/bx/n on input line 31.
LaTeX Font Info:    Overwriting math alphabet `\mathsf' in version `normal'
(Font)                  OT1/cmss/m/n --> OT1/lmss/m/n on input line 32.
LaTeX Font Info:    Overwriting math alphabet `\mathit' in version `normal'
(Font)                  OT1/cmr/m/it --> OT1/lmr/m/it on input line 33.
LaTeX Font Info:    Overwriting math alphabet `\mathtt' in version `normal'
(Font)                  OT1/cmtt/m/n --> OT1/lmtt/m/n on input line 34.
LaTeX Font Info:    Overwriting math alphabet `\mathbf' in version `bold'
(Font)                  OT1/cmr/bx/n --> OT1/lmr/bx/n on input line 35.
LaTeX Font Info:    Overwriting math alphabet `\mathsf' in version `bold'
(Font)                  OT1/cmss/bx/n --> OT1/lmss/bx/n on input line 36.
LaTeX Font Info:    Overwriting math alphabet `\mathit' in version `bold'
(Font)                  OT1/cmr/bx/it --> OT1/lmr/bx/it on input line 37.
LaTeX Font Info:    Overwriting math alphabet `\mathtt' in version `bold'
(Font)                  OT1/cmtt/m/n --> OT1/lmtt/m/n on input line 38.
)
("C:\Users\Daniel Wildegger\AppData\Local\Programs\MiKTeX 2.9\tex/latex/tools\e
numerate.sty"
Package: enumerate 2015/07/23 v3.00 enumerate extensions (DPC)
\@enLab=\toks18
)
("C:\Users\Daniel Wildegger\AppData\Local\Programs\MiKTeX 2.9\tex/latex/caption
\caption.sty"
Package: caption 2019/08/29 v3.3b Customizing captions (AR)

("C:\Users\Daniel Wildegger\AppData\Local\Programs\MiKTeX 2.9\tex/latex/caption
\caption3.sty"
Package: caption3 2018/09/12 v1.8c caption3 kernel (AR)
Package caption3 Info: TeX engine: e-TeX on input line 64.
\captionmargin=\dimen112
\captionmargin@=\dimen113
\captionwidth=\dimen114
\caption@tempdima=\dimen115
\caption@indent=\dimen116
\caption@parindent=\dimen117
\caption@hangindent=\dimen118
)
Package caption Info: KOMA-Script document class.
\c@caption@flags=\count110
\c@ContinuedFloat=\count111
Package caption Info: hyperref package is loaded.
Package caption Info: listings package is loaded.
)
("C:\Users\Daniel Wildegger\AppData\Local\Programs\MiKTeX 2.9\tex/latex/caption
\subcaption.sty"
Package: subcaption 2018/05/13 v1.2 Sub-captions (AR)
\c@subfigure=\count112
\c@subtable=\count113
)
("C:\Users\Daniel Wildegger\AppData\Local\Programs\MiKTeX 2.9\tex/latex/graphic
s\graphicx.sty"
Package: graphicx 2017/06/01 v1.1a Enhanced LaTeX Graphics (DPC,SPQR)

("C:\Users\Daniel Wildegger\AppData\Local\Programs\MiKTeX 2.9\tex/latex/graphic
s\graphics.sty"
Package: graphics 2017/06/25 v1.2c Standard LaTeX Graphics (DPC,SPQR)

("C:\Users\Daniel Wildegger\AppData\Local\Programs\MiKTeX 2.9\tex/latex/graphic
s\trig.sty"
Package: trig 2016/01/03 v1.10 sin cos tan (DPC)
)
("C:\Users\Daniel Wildegger\AppData\Local\Programs\MiKTeX 2.9\tex/latex/graphic
s-cfg\graphics.cfg"
File: graphics.cfg 2016/06/04 v1.11 sample graphics configuration
)
Package graphics Info: Driver file: pdftex.def on input line 99.

("C:\Users\Daniel Wildegger\AppData\Local\Programs\MiKTeX 2.9\tex/latex/graphic
s-def\pdftex.def"
File: pdftex.def 2018/01/08 v1.0l Graphics/color driver for pdftex
))
\Gin@req@height=\dimen119
\Gin@req@width=\dimen120
)
("C:\Users\Daniel Wildegger\AppData\Local\Programs\MiKTeX 2.9\tex/latex/float\f
loat.sty"
Package: float 2001/11/08 v1.3d Float enhancements (AL)
\c@float@type=\count114
\float@exts=\toks19
\float@box=\box31
\@float@everytoks=\toks20
\@floatcapt=\box32
)
("C:\Users\Daniel Wildegger\AppData\Local\Programs\MiKTeX 2.9\tex/latex/koma-sc
ript\scrlayer-scrpage.sty"
Package: scrlayer-scrpage 2020/07/22 v3.31 KOMA-Script package (end user interf
ace for scrlayer)

("C:\Users\Daniel Wildegger\AppData\Local\Programs\MiKTeX 2.9\tex/latex/koma-sc
ript\scrlayer.sty"
Package: scrlayer 2020/07/22 v3.31 KOMA-Script package (defining layers and pag
e styles)
Package scrlayer Info: Using already defined \footheight
(scrlayer)             hoping, that this is a length and
(scrlayer)             not only a macro on input line 109.
Package scrlayer Info: patching LaTeX kernel macro \pagestyle on input line 210
6.
)
Package scrlayer-scrpage Info: Makeing stand-alone element `pagehead' from
(scrlayer-scrpage)             alias to `pageheadfoot' on input line 1244.
Package scrlayer-scrpage Info: deactivating warning for font element
(scrlayer-scrpage)             `pagefoot' on input line 1271.
)
Package scrlayer-scrpage Info: auto-selection of `pagestyleset=KOMA-Script'.

1: chapter

("C:\Users\Daniel Wildegger\AppData\Local\Programs\MiKTeX 2.9\tex/latex/geometr
y\geometry.sty"
Package: geometry 2018/04/16 v5.8 Page Geometry
\Gm@cnth=\count115
\Gm@cntv=\count116
\c@Gm@tempcnt=\count117
\Gm@bindingoffset=\dimen121
\Gm@wd@mp=\dimen122
\Gm@odd@mp=\dimen123
\Gm@even@mp=\dimen124
\Gm@layoutwidth=\dimen125
\Gm@layoutheight=\dimen126
\Gm@layouthoffset=\dimen127
\Gm@layoutvoffset=\dimen128
\Gm@dimlist=\toks21

("C:\Users\Daniel Wildegger\AppData\Local\Programs\MiKTeX 2.9\tex/latex/geometr
y\geometry.cfg"))
("C:\Users\Daniel Wildegger\AppData\Local\Programs\MiKTeX 2.9\tex/latex/natbib\
natbib.sty"
Package: natbib 2010/09/13 8.31b (PWD, AO)
\bibhang=\skip59
\bibsep=\skip60
LaTeX Info: Redefining \cite on input line 694.
\c@NAT@ctr=\count118
)
("C:\Users\Daniel Wildegger\AppData\Local\Programs\MiKTeX 2.9\tex/latex/booktab
s\booktabs.sty"
Package: booktabs 2020/01/12 v1.61803398 Publication quality tables
\heavyrulewidth=\dimen129
\lightrulewidth=\dimen130
\cmidrulewidth=\dimen131
\belowrulesep=\dimen132
\belowbottomsep=\dimen133
\aboverulesep=\dimen134
\abovetopsep=\dimen135
\cmidrulesep=\dimen136
\cmidrulekern=\dimen137
\defaultaddspace=\dimen138
\@cmidla=\count119
\@cmidlb=\count120
\@aboverulesep=\dimen139
\@belowrulesep=\dimen140
\@thisruleclass=\count121
\@lastruleclass=\count122
\@thisrulewidth=\dimen141
)
("C:\Users\Daniel Wildegger\AppData\Local\Programs\MiKTeX 2.9\tex/latex/tools\l
ongtable.sty"
Package: longtable 2014/10/28 v4.11 Multi-page Table package (DPC)+ FMi change
\LTleft=\skip61
\LTright=\skip62
\LTpre=\skip63
\LTpost=\skip64
\LTchunksize=\count123
\LTcapwidth=\dimen142
\LT@head=\box33
\LT@firsthead=\box34
\LT@foot=\box35
\LT@lastfoot=\box36
\LT@cols=\count124
\LT@rows=\count125
\c@LT@tables=\count126
\c@LT@chunks=\count127
\LT@p@ftn=\toks22
)
Class scrbook Info: longtable captions redefined on input line 41.

("C:\Users\Daniel Wildegger\AppData\Local\Programs\MiKTeX 2.9\tex/latex/koma-sc
ript\scrhack.sty"
Package: scrhack 2020/07/22 v3.31 KOMA-Script package (hacking other packages)

("C:\Users\Daniel Wildegger\AppData\Local\Programs\MiKTeX 2.9\tex/latex/xpatch\
xpatch.sty"
("C:\Users\Daniel Wildegger\AppData\Local\Programs\MiKTeX 2.9\tex/latex/l3kerne
l\expl3.sty"
Package: expl3 2019-08-25 L3 programming layer (loader) 

("C:\Users\Daniel Wildegger\AppData\Local\Programs\MiKTeX 2.9\tex/latex/l3kerne
l\expl3-code.tex"
Package: expl3 2019-08-25 L3 programming layer (code)
\c_max_int=\count128
\l_tmpa_int=\count129
\l_tmpb_int=\count130
\g_tmpa_int=\count131
\g_tmpb_int=\count132
\g__kernel_prg_map_int=\count133
\c__ior_term_noprompt_ior=\count134
\c_log_iow=\count135
\l_iow_line_count_int=\count136
\l__iow_line_target_int=\count137
\l__iow_one_indent_int=\count138
\l__iow_indent_int=\count139
\c_zero_dim=\dimen143
\c_max_dim=\dimen144
\l_tmpa_dim=\dimen145
\l_tmpb_dim=\dimen146
\g_tmpa_dim=\dimen147
\g_tmpb_dim=\dimen148
\c_zero_skip=\skip65
\c_max_skip=\skip66
\l_tmpa_skip=\skip67
\l_tmpb_skip=\skip68
\g_tmpa_skip=\skip69
\g_tmpb_skip=\skip70
\c_zero_muskip=\muskip11
\c_max_muskip=\muskip12
\l_tmpa_muskip=\muskip13
\l_tmpb_muskip=\muskip14
\g_tmpa_muskip=\muskip15
\g_tmpb_muskip=\muskip16
\l_keys_choice_int=\count140
\l__intarray_loop_int=\count141
\c__intarray_sp_dim=\dimen149
\g__intarray_font_int=\count142
\c__fp_leading_shift_int=\count143
\c__fp_middle_shift_int=\count144
\c__fp_trailing_shift_int=\count145
\c__fp_big_leading_shift_int=\count146
\c__fp_big_middle_shift_int=\count147
\c__fp_big_trailing_shift_int=\count148
\c__fp_Bigg_leading_shift_int=\count149
\c__fp_Bigg_middle_shift_int=\count150
\c__fp_Bigg_trailing_shift_int=\count151
\c__kernel_randint_max_int=\count152
\g__fp_array_int=\count153
\l__fp_array_loop_int=\count154
\l__sort_length_int=\count155
\l__sort_min_int=\count156
\l__sort_top_int=\count157
\l__sort_max_int=\count158
\l__sort_true_max_int=\count159
\l__sort_block_int=\count160
\l__sort_begin_int=\count161
\l__sort_end_int=\count162
\l__sort_A_int=\count163
\l__sort_B_int=\count164
\l__sort_C_int=\count165
\l__str_internal_int=\count166
\c__str_replacement_char_int=\count167
\l__tl_analysis_normal_int=\count168
\l__tl_analysis_index_int=\count169
\l__tl_analysis_nesting_int=\count170
\l__tl_analysis_type_int=\count171
\l__regex_internal_a_int=\count172
\l__regex_internal_b_int=\count173
\l__regex_internal_c_int=\count174
\l__regex_balance_int=\count175
\l__regex_group_level_int=\count176
\l__regex_mode_int=\count177
\c__regex_cs_in_class_mode_int=\count178
\c__regex_cs_mode_int=\count179
\l__regex_catcodes_int=\count180
\l__regex_default_catcodes_int=\count181
\c__regex_catcode_D_int=\count182
\c__regex_catcode_S_int=\count183
\c__regex_catcode_L_int=\count184
\c__regex_catcode_O_int=\count185
\c__regex_catcode_A_int=\count186
\c__regex_all_catcodes_int=\count187
\l__regex_show_lines_int=\count188
\l__regex_min_state_int=\count189
\l__regex_max_state_int=\count190
\l__regex_left_state_int=\count191
\l__regex_right_state_int=\count192
\l__regex_capturing_group_int=\count193
\l__regex_min_pos_int=\count194
\l__regex_max_pos_int=\count195
\l__regex_curr_pos_int=\count196
\l__regex_start_pos_int=\count197
\l__regex_success_pos_int=\count198
\l__regex_curr_char_int=\count199
\l__regex_curr_catcode_int=\count266
\l__regex_last_char_int=\count267
\l__regex_case_changed_char_int=\count268
\l__regex_curr_state_int=\count269
\l__regex_step_int=\count270
\l__regex_min_active_int=\count271
\l__regex_max_active_int=\count272
\l__regex_replacement_csnames_int=\count273
\l__regex_match_count_int=\count274
\l__regex_min_submatch_int=\count275
\l__regex_submatch_int=\count276
\l__regex_zeroth_submatch_int=\count277
\g__regex_trace_regex_int=\count278
\c_empty_box=\box37
\l_tmpa_box=\box38
\l_tmpb_box=\box39
\g_tmpa_box=\box40
\g_tmpb_box=\box41
\l__box_top_dim=\dimen150
\l__box_bottom_dim=\dimen151
\l__box_left_dim=\dimen152
\l__box_right_dim=\dimen153
\l__box_top_new_dim=\dimen154
\l__box_bottom_new_dim=\dimen155
\l__box_left_new_dim=\dimen156
\l__box_right_new_dim=\dimen157
\l__box_internal_box=\box42
\l__coffin_internal_box=\box43
\l__coffin_internal_dim=\dimen158
\l__coffin_offset_x_dim=\dimen159
\l__coffin_offset_y_dim=\dimen160
\l__coffin_x_dim=\dimen161
\l__coffin_y_dim=\dimen162
\l__coffin_x_prime_dim=\dimen163
\l__coffin_y_prime_dim=\dimen164
\c_empty_coffin=\box44
\l__coffin_aligned_coffin=\box45
\l__coffin_aligned_internal_coffin=\box46
\l_tmpa_coffin=\box47
\l_tmpb_coffin=\box48
\g_tmpa_coffin=\box49
\g_tmpb_coffin=\box50
\l__coffin_bounding_shift_dim=\dimen165
\l__coffin_left_corner_dim=\dimen166
\l__coffin_right_corner_dim=\dimen167
\l__coffin_bottom_corner_dim=\dimen168
\l__coffin_top_corner_dim=\dimen169
\l__coffin_scaled_total_height_dim=\dimen170
\l__coffin_scaled_width_dim=\dimen171
\c__coffin_empty_coffin=\box51
\l__coffin_display_coffin=\box52
\l__coffin_display_coord_coffin=\box53
\l__coffin_display_pole_coffin=\box54
\l__coffin_display_offset_dim=\dimen172
\l__coffin_display_x_dim=\dimen173
\l__coffin_display_y_dim=\dimen174
\g__file_internal_ior=\read1
\l__seq_internal_a_int=\count279
\l__seq_internal_b_int=\count280
)
("C:\Users\Daniel Wildegger\AppData\Local\Programs\MiKTeX 2.9\tex/latex/l3backe
nd\l3backend-pdfmode.def"
File: l3backend-pdfmode.def 2019-04-06 v L3 Experimental backend support: PDF m
ode
\l__kernel_color_stack_int=\count281
\l__pdf_internal_box=\box55
))
Package: xpatch 2020/03/25 v0.3a Extending etoolbox patching commands

("C:\Users\Daniel Wildegger\AppData\Local\Programs\MiKTeX 2.9\tex/latex/l3packa
ges/xparse\xparse.sty"
Package: xparse 2019-05-28 L3 Experimental document command parser
\l__xparse_current_arg_int=\count282
\g__xparse_grabber_int=\count283
\l__xparse_m_args_int=\count284
\l__xparse_v_nesting_int=\count285
)
("C:\Users\Daniel Wildegger\AppData\Local\Programs\MiKTeX 2.9\tex/latex/etoolbo
x\etoolbox.sty"
Package: etoolbox 2018/08/19 v2.5f e-TeX tools for LaTeX (JAW)
\etb@tempcnta=\count286
))
Package scrhack Info: hyperref hack deactivated because of
(scrhack)             detection of hyperref version, that doesn't
(scrhack)             need that hack, on input line 162.
Package scrhack Info: loading float hack on input line 169.

("C:\Users\Daniel Wildegger\AppData\Local\Programs\MiKTeX 2.9\tex/latex/koma-sc
ript\float.hak"
File: float.hak 2020/07/22 v3.31 KOMA-Script scrhack part (hacking package floa
t)
Package scrhack Info: redefining \newfloat on input line 163.
Package scrhack Info: redefining \listof on input line 163.
Package scrhack Info: undefining \float@addtolists on input line 163.
)
Package scrhack Info: loading listings hack on input line 183.

("C:\Users\Daniel Wildegger\AppData\Local\Programs\MiKTeX 2.9\tex/latex/koma-sc
ript\listings.hak"
File: listings.hak 2020/07/22 v3.31 KOMA-Script scrhack part (hacking package l
istings)
Package tocbasic Info: setting babel extension for `lol' on input line 143.
Package scrhack Info: redefining \lstlistoflistings on input line 143.
))
("C:\Users\Daniel Wildegger\AppData\Local\Programs\MiKTeX 2.9\tex/latex/graphic
s\color.sty"
Package: color 2016/07/10 v1.1e Standard LaTeX Color (DPC)

("C:\Users\Daniel Wildegger\AppData\Local\Programs\MiKTeX 2.9\tex/latex/graphic
s-cfg\color.cfg"
File: color.cfg 2016/01/02 v1.6 sample color configuration
)
Package color Info: Driver file: pdftex.def on input line 147.
) (vorlage.aux (Bestandteile/titel.aux)
(Bestandteile/kurzzusammenfassung.aux)

LaTeX Warning: Label `ex241' multiply defined.

)
\openout1 = `vorlage.aux'.

LaTeX Font Info:    Checking defaults for OML/cmm/m/it on input line 85.
LaTeX Font Info:    ... okay on input line 85.
LaTeX Font Info:    Checking defaults for T1/cmr/m/n on input line 85.
LaTeX Font Info:    ... okay on input line 85.
LaTeX Font Info:    Checking defaults for OT1/cmr/m/n on input line 85.
LaTeX Font Info:    ... okay on input line 85.
LaTeX Font Info:    Checking defaults for OMS/cmsy/m/n on input line 85.
LaTeX Font Info:    ... okay on input line 85.
LaTeX Font Info:    Checking defaults for OMX/cmex/m/n on input line 85.
LaTeX Font Info:    ... okay on input line 85.
LaTeX Font Info:    Checking defaults for U/cmr/m/n on input line 85.
LaTeX Font Info:    ... okay on input line 85.
LaTeX Font Info:    Checking defaults for PD1/pdf/m/n on input line 85.
LaTeX Font Info:    ... okay on input line 85.
LaTeX Font Info:    Try loading font information for T1+lmr on input line 85.

("C:\Users\Daniel Wildegger\AppData\Local\Programs\MiKTeX 2.9\tex/latex/lm\t1lm
r.fd"
File: t1lmr.fd 2009/10/30 v1.6 Font defs for Latin Modern
)
Package scrbase Info: activating english \contentsname on input line 85.
Package scrbase Info: activating english \listfigurename on input line 85.
Package scrbase Info: activating english \listtablename on input line 85.
\c@lstlisting=\count287
\AtBeginShipoutBox=\box56
Package hyperref Info: Link coloring OFF on input line 85.

("C:\Users\Daniel Wildegger\AppData\Local\Programs\MiKTeX 2.9\tex/latex/hyperre
f\nameref.sty"
Package: nameref 2016/05/21 v2.44 Cross-referencing by name of section

("C:\Users\Daniel Wildegger\AppData\Local\Programs\MiKTeX 2.9\tex/generic/oberd
iek\gettitlestring.sty"
Package: gettitlestring 2016/05/16 v1.5 Cleanup title references (HO)
)
\c@section@level=\count288
)
LaTeX Info: Redefining \ref on input line 85.
LaTeX Info: Redefining \pageref on input line 85.
LaTeX Info: Redefining \nameref on input line 85.
 (vorlage.out) (vorlage.out)
\@outlinefile=\write3
\openout3 = `vorlage.out'.

Class scrbook Info: loading recommended package `bookmark'.
(scrbook)           Using `bookmark' together with `hyperref' is recommended,
(scrbook)           because of handling of possible bookmark level gaps.
(scrbook)           You can avoid loading `bookmark' with KOMA-Script option
(scrbook)           `bookmarkpackage=false' before \begin{document} and
(scrbook)           you can avoid this message adding:
(scrbook)             \usepackage{bookmark}
(scrbook)           before \begin{document} on input line 85.

("C:\Users\Daniel Wildegger\AppData\Local\Programs\MiKTeX 2.9\tex/latex/oberdie
k\bookmark.sty"
Package: bookmark 2019/06/04 v1.27 PDF bookmarks (HO)

("C:\Users\Daniel Wildegger\AppData\Local\Programs\MiKTeX 2.9\tex/latex/oberdie
k\bkm-pdftex.def"
File: bkm-pdftex.def 2019/06/04 v1.27 bookmark driver for pdfTeX (HO)
Package auxhook Info: \AddLineBeginMainAux comes a little late,
(auxhook)             because the main .aux file is already opened on input lin
e 164.
\BKM@id=\count289
))
Package caption Info: Begin \AtBeginDocument code.
Package caption Info: float package is loaded.
Package caption Info: longtable package is loaded.

("C:\Users\Daniel Wildegger\AppData\Local\Programs\MiKTeX 2.9\tex/latex/caption
\ltcaption.sty"
Package: ltcaption 2018/08/26 v1.4a longtable captions (AR)
)
Package caption Info: End \AtBeginDocument code.

("C:\Users\Daniel Wildegger\AppData\Local\Programs\MiKTeX 2.9\tex/context/base/
mkii\supp-pdf.mkii"
[Loading MPS to PDF converter (version 2006.09.02).]
\scratchcounter=\count290
\scratchdimen=\dimen175
\scratchbox=\box57
\nofMPsegments=\count291
\nofMParguments=\count292
\everyMPshowfont=\toks23
\MPscratchCnt=\count293
\MPscratchDim=\dimen176
\MPnumerator=\count294
\makeMPintoPDFobject=\count295
\everyMPtoPDFconversion=\toks24
)
("C:\Users\Daniel Wildegger\AppData\Local\Programs\MiKTeX 2.9\tex/latex/oberdie
k\epstopdf-base.sty"
Package: epstopdf-base 2016/05/15 v2.6 Base part for package epstopdf

("C:\Users\Daniel Wildegger\AppData\Local\Programs\MiKTeX 2.9\tex/latex/oberdie
k\grfext.sty"
Package: grfext 2016/05/16 v1.2 Manage graphics extensions (HO)
)
Package epstopdf-base Info: Redefining graphics rule for `.eps' on input line 4
38.
Package grfext Info: Graphics extension search list:
(grfext)             [.pdf,.png,.jpg,.mps,.jpeg,.jbig2,.jb2,.PDF,.PNG,.JPG,.JPE
G,.JBIG2,.JB2,.eps]
(grfext)             \AppendGraphicsExtensions on input line 456.
)
*geometry* driver: auto-detecting
*geometry* detected driver: pdftex
*geometry* verbose mode - [ preamble ] result:
* driver: pdftex
* paper: <default>
* layout: <same size as paper>
* layoutoffset:(h,v)=(0.0pt,0.0pt)
* modes: 
* h-part:(L,W,R)=(71.13188pt, 469.47055pt, 56.9055pt)
* v-part:(T,H,B)=(71.13188pt, 702.78317pt, 71.13188pt)
* \paperwidth=597.50793pt
* \paperheight=845.04694pt
* \textwidth=469.47055pt
* \textheight=702.78317pt
* \oddsidemargin=-1.1381pt
* \evensidemargin=-1.1381pt
* \topmargin=-41.0131pt
* \headheight=18.125pt
* \headsep=21.75pt
* \topskip=12.0pt
* \footskip=50.75pt
* \marginparwidth=49.79233pt
* \marginparsep=12.8401pt
* \columnsep=10.0pt
* \skip\footins=10.8pt plus 4.0pt minus 2.0pt
* \hoffset=0.0pt
* \voffset=0.0pt
* \mag=1000
* \@twocolumnfalse
* \@twosidefalse
* \@mparswitchfalse
* \@reversemarginfalse
* (1in=72.27pt=25.4mm, 1cm=28.453pt)

Package scrhack Info: undefining \float@addtolists on input line 85.
\c@exmp=\count296
\openout2 = `./Bestandteile/titel.aux'.

(Bestandteile/titel.tex
<Bilder/LogoHS.png, id=3, 302.0886pt x 113.7048pt>
File: Bilder/LogoHS.png Graphic file (type png)
<use Bilder/LogoHS.png>
Package pdftex.def Info: Bilder/LogoHS.png  used on input line 8.
(pdftex.def)             Requested size: 234.73528pt x 88.35452pt.
LaTeX Font Info:    Try loading font information for OT1+lmr on input line 48.

("C:\Users\Daniel Wildegger\AppData\Local\Programs\MiKTeX 2.9\tex/latex/lm\ot1l
mr.fd"
File: ot1lmr.fd 2009/10/30 v1.6 Font defs for Latin Modern
)
LaTeX Font Info:    Try loading font information for OML+lmm on input line 48.

("C:\Users\Daniel Wildegger\AppData\Local\Programs\MiKTeX 2.9\tex/latex/lm\omll
mm.fd"
File: omllmm.fd 2009/10/30 v1.6 Font defs for Latin Modern
)
LaTeX Font Info:    Try loading font information for OMS+lmsy on input line 48.


("C:\Users\Daniel Wildegger\AppData\Local\Programs\MiKTeX 2.9\tex/latex/lm\omsl
msy.fd"
File: omslmsy.fd 2009/10/30 v1.6 Font defs for Latin Modern
)
LaTeX Font Info:    Try loading font information for OMX+lmex on input line 48.


("C:\Users\Daniel Wildegger\AppData\Local\Programs\MiKTeX 2.9\tex/latex/lm\omxl
mex.fd"
File: omxlmex.fd 2009/10/30 v1.6 Font defs for Latin Modern
)
LaTeX Font Info:    External font `lmex10' loaded for size
(Font)              <12> on input line 48.
LaTeX Font Info:    External font `lmex10' loaded for size
(Font)              <8> on input line 48.
LaTeX Font Info:    External font `lmex10' loaded for size
(Font)              <6> on input line 48.
) [1



{C:/Users/Daniel Wildegger/AppData/Local/MiKTeX/2.9/pdftex/config/pdftex.map} <
./Bilder/LogoHS.png>]
\openout2 = `./Bestandteile/kurzzusammenfassung.aux'.

 (Bestandteile/kurzzusammenfassung.tex)
[2


]
LaTeX Font Info:    Try loading font information for T1+lmss on input line 93.

("C:\Users\Daniel Wildegger\AppData\Local\Programs\MiKTeX 2.9\tex/latex/lm\t1lm
ss.fd"
File: t1lmss.fd 2009/10/30 v1.6 Font defs for Latin Modern
) (vorlage.toc)
\tf@toc=\write4
\openout4 = `vorlage.toc'.

 [3



] (Bestandteile/main.tex
chapter 1.
[1




]
chapter 2.
LaTeX Font Info:    Try loading font information for OMS+lmr on input line 22.

("C:\Users\Daniel Wildegger\AppData\Local\Programs\MiKTeX 2.9\tex/latex/lm\omsl
mr.fd"
File: omslmr.fd 2009/10/30 v1.6 Font defs for Latin Modern
)
LaTeX Font Info:    Font shape `OMS/lmr/m/n' in size <12> not available
(Font)              Font shape `OMS/lmsy/m/n' tried instead on input line 22.
 [2


]
LaTeX Font Info:    Try loading font information for T1+lmtt on input line 32.

("C:\Users\Daniel Wildegger\AppData\Local\Programs\MiKTeX 2.9\tex/latex/lm\t1lm
tt.fd"
File: t1lmtt.fd 2009/10/30 v1.6 Font defs for Latin Modern
)
Underfull \hbox (badness 10000) in paragraph at lines 70--73

 []

[3] [4]
Overfull \hbox (46.48157pt too wide) in paragraph at lines 134--137
\T1/lmr/m/n/12 The fol-low-ing in-for-ma-tion about Neo4j in-ter-nals is all fr
om (https://skillsmatter.com/skillscasts/2968-
 []


Overfull \hbox (15.76125pt too wide) in paragraph at lines 134--137
\T1/lmr/m/n/12 neo4j-internals) and (https://www.slideshare.net/thobe/an-overvi
ew-of-neo4j-internals). Sadly,
 []

[5]
Overfull \hbox (154.63351pt too wide) in paragraph at lines 173--175
\T1/lmr/m/n/12 For find-ing a node to start travers-ing the graph, Neo4j uses t
ra-di-tional in-dex-ing. (https://skillsmatter.com/skillscasts/2968-
 []

[6]
Overfull \hbox (22.30725pt too wide) in paragraph at lines 187--190
\T1/lmr/m/n/12 Apollo Server is a spec-compliant GraphQL server (https://www.ap
ollographql.com/docs/apollo-
 []


Overfull \hbox (91.2825pt too wide) in paragraph at lines 209--210
[]\T1/lmr/m/n/12 In line 2 we ac-quire a ses-sion to com-mu-ni-cate with the da
tabase. (https://neo4j.com/docs/api/javascript-
 []

[7] [8] [9]
Underfull \hbox (badness 10000) in paragraph at lines 336--337

 []

[10]
LaTeX Font Info:    Font shape `T1/lmtt/bx/n' in size <10.95> not available
(Font)              Font shape `T1/lmtt/b/n' tried instead on input line 366.
 [11] [12] [13]
Overfull \hbox (178.28069pt too wide) in paragraph at lines 507--509
\T1/lmr/m/n/12 (maybe when com-ing back to this check https://reactjs.org/docs/
faq-internals.html https://reactjs.org/docs/reconciliation.html
 []


Overfull \hbox (152.24069pt too wide) in paragraph at lines 507--509
\T1/lmr/m/n/12 and https://github.com/acdlite/react-fiber-architecture and THIS
:: https://www.youtube.com/watch?v=RquK3TImY9U
 []


Overfull \hbox (158.762pt too wide) in paragraph at lines 510--511
[]\T1/lmr/m/n/12 The \T1/lmr/m/it/12 set-State \T1/lmr/m/n/12 func-tion will ma
rk the com-po-nent and all its chil-dren as dirty. (https://medium.com/@gethylg
eorge/how-
 []

[14]
Overfull \hbox (92.90999pt too wide) in paragraph at lines 537--538
\T1/lmr/m/n/12 Which is a lot shorter and has an-other big ad-van-tage: It pro-
tects from lazi-ness. (https://hackernoon.com/react-
 []


Overfull \hbox (5.22649pt too wide) in paragraph at lines 537--538
\T1/lmr/m/n/12 stateless-functional-components-nine-wins-you-might-have-overloo
ked-997b0d933dbc) As this
 []


Overfull \hbox (88.53494pt too wide) in paragraph at lines 542--543
\T1/lmr/m/n/12 gether with au-to-matic UI up-dates upon events from the server.
 (https://www.apollographql.com/docs/react/) 
 []


Overfull \hbox (104.415pt too wide) in paragraph at lines 545--546
\T1/lmr/m/n/12 since Re-act 16.8 and were in-tro-duced to im-prove state-less f
unc-tional com-po-nents (https://reactjs.org/docs/hooks-
 []

[15]
Overfull \hbox (88.8781pt too wide) in paragraph at lines 563--564
[]\T1/lmr/m/n/12 For the rest of the ar-gu-ments please re-fer to (https://www.
apollographql.com/docs/react/api/react/hooks/) 
 []

[16] [17]
Underfull \hbox (badness 10000) in paragraph at lines 636--638

 []

[18]
chapter 3.

Underfull \hbox (badness 10000) in paragraph at lines 645--646

 []


Overfull \hbox (75.21718pt too wide) in paragraph at lines 659--663
\T1/lmr/m/n/12 Basically, an EC2 in-stance is a vir-tual ma-chine that runs on 
an Ama-zon server. (https://www.quora.com/Is-
 []

[19


]
Underfull \hbox (badness 10000) in paragraph at lines 667--670

 []


Overfull \hbox (91.41689pt too wide) in paragraph at lines 671--672
\T1/lmr/m/n/12 ex-pose, can set en-vi-ron-ment vari-ables and mem-ory needed et
c. (https://www.freecodecamp.org/news/amazon-
 []


Underfull \hbox (badness 10000) in paragraph at lines 677--678

 []

<Bilder/overview-fargate.png, id=618, 569.87906pt x 639.89063pt>
File: Bilder/overview-fargate.png Graphic file (type png)
<use Bilder/overview-fargate.png>
Package pdftex.def Info: Bilder/overview-fargate.png  used on input line 686.
(pdftex.def)             Requested size: 484.39948pt x 543.90959pt.

Overfull \hbox (14.92892pt too wide) in paragraph at lines 686--687
 [][] 
 []


Overfull \hbox (24.44427pt too wide) in paragraph at lines 679--689
\T1/lmr/m/n/12 (https://docs.aws.amazon.com/AmazonECS/latest/developerguide/Wel
come.html) =======
 []


Overfull \hbox (343.54295pt too wide) in paragraph at lines 679--689
\T1/lmr/m/n/12 These com-po-nents can be vi-su-ally put to-gether as shown in t
he fig-ure be-low. (https://docs.aws.amazon.com/AmazonECS/latest/developerguide
/Welcome.html)
 []

[20] [21 <./Bilder/overview-fargate.png>]
Underfull \hbox (badness 10000) in paragraph at lines 709--711

 []

<Bilder/DockerVsVM.png, id=628, 593.21625pt x 234.1247pt>
File: Bilder/DockerVsVM.png Graphic file (type png)
<use Bilder/DockerVsVM.png>
Package pdftex.def Info: Bilder/DockerVsVM.png  used on input line 716.
(pdftex.def)             Requested size: 474.57364pt x 187.3pt.

Overfull \hbox (5.10309pt too wide) in paragraph at lines 716--717
 [][] 
 []

[22] [23 <./Bilder/DockerVsVM.png>]
chapter 4.
[24


]
chapter 5.
[25


]
chapter 6.
[26


]
chapter 7.
) [27


] (vorlage.lof)
\tf@lof=\write5
\openout5 = `vorlage.lof'.

 [28


] (vorlage.lot)
\tf@lot=\write6
\openout6 = `vorlage.lot'.

 [29



] (vorlage.bbl
Underfull \hbox (badness 2181) in paragraph at lines 49--54
[]\T1/lmr/m/sc/12 Lyon\T1/lmr/m/n/12 , William ; \T1/lmr/m/sc/12 Gra-ham\T1/lmr
/m/n/12 , Michael ; \T1/lmr/m/sc/12 Klovedal\T1/lmr/m/n/12 , Vik-tor S.:  \T1/l
mr/m/it/12 Get-
 []


Underfull \hbox (badness 3919) in paragraph at lines 49--54
\T1/lmr/m/it/12 ting Started With GRAND-stack\T1/lmr/m/n/12 , 2020.  []$\T1/lmt
t/m/n/12 https : / / grandstack . io / docs /
 []


Underfull \hbox (badness 10000) in paragraph at lines 72--76
[]\T1/lmr/m/sc/12 Neo4j]\T1/lmr/m/n/12 :  \T1/lmr/m/it/12 Neo4j Graph Database\
T1/lmr/m/n/12 , []$\T1/lmtt/m/n/12 https : / / neo4j . com / developer /
 []


Underfull \hbox (badness 10000) in paragraph at lines 90--96
[]\T1/lmr/m/sc/12 Parker\T1/lmr/m/n/12 , Jeff:  \T1/lmr/m/it/12 Top 10 Net-work
 Di-a-gram, Topol-
 []


Underfull \hbox (badness 10000) in paragraph at lines 90--96
\T1/lmr/m/it/12 ogy and Map-ping Soft-ware\T1/lmr/m/n/12 .  []$\T1/lmtt/m/n/12 
https : / / www . pcwdld . com /
 []


Underfull \hbox (badness 10000) in paragraph at lines 90--96
\T1/lmtt/m/n/12 top-[]10-[]network-[]diagram-[]topology-[]and-[]mapping-[]softw
are$[]\T1/lmr/m/n/12 .
 []

! Missing } inserted.
<inserted text> 
                }
l.97 \end{thebibliography}
                          
I've inserted something that you may have forgotten.
(See the <inserted text> above.)
With luck, this will get me unwedged. But if you
really didn't forget anything, try typing `2' now; then
my insertion and my current dilemma will both disappear.

) (Bestandteile/erklaerung.tex [30





]
Underfull \hbox (badness 10000) in paragraph at lines 6--7

 []


Underfull \hbox (badness 10000) in paragraph at lines 25--26

 []

)
Package atveryend Info: Empty hook `BeforeClearDocument' on input line 112.
 [31]
Package atveryend Info: Empty hook `AfterLastShipout' on input line 112.
 (vorlage.aux (Bestandteile/titel.aux)
(Bestandteile/kurzzusammenfassung.aux))
Package atveryend Info: Executing hook `AtVeryEndDocument' on input line 112.
Package atveryend Info: Executing hook `AtEndAfterFileList' on input line 112.
Package rerunfilecheck Info: File `vorlage.out' has not changed.
(rerunfilecheck)             Checksum: D41D8CD98F00B204E9800998ECF8427E;0.


LaTeX Warning: There were multiply-defined labels.

Package atveryend Info: Empty hook `AtVeryVeryEnd' on input line 112.
 ) 
Here is how much of TeX's memory you used:
 25732 strings out of 492895
 494137 string characters out of 3118597
 729639 words of memory out of 3000000
 28924 multiletter control sequences out of 15000+200000
 587542 words of font info for 53 fonts, out of 3000000 for 9000
 1141 hyphenation exceptions out of 8191
 55i,20n,89p,10604b,1952s stack positions out of 5000i,500n,10000p,200000b,50000s
{C:/Users/Daniel Wildegger/AppData/Local/Programs/MiKTeX 2.9/fonts/enc/dvips/
lm/lm-ec.enc}{C:/Users/Daniel Wildegger/AppData/Local/Programs/MiKTeX 2.9/fonts
/enc/dvips/lm/lm-mathsy.enc}<C:/Users/Daniel Wildegger/AppData/Local/Programs/M
iKTeX 2.9/fonts/type1/public/lm/lmbx12.pfb><C:/Users/Daniel Wildegger/AppData/L
ocal/Programs/MiKTeX 2.9/fonts/type1/public/lm/lmcsc10.pfb><C:/Users/Daniel Wil
degger/AppData/Local/Programs/MiKTeX 2.9/fonts/type1/public/lm/lmr12.pfb><C:/Us
ers/Daniel Wildegger/AppData/Local/Programs/MiKTeX 2.9/fonts/type1/public/lm/lm
r6.pfb><C:/Users/Daniel Wildegger/AppData/Local/Programs/MiKTeX 2.9/fonts/type1
/public/lm/lmri12.pfb><C:/Users/Daniel Wildegger/AppData/Local/Programs/MiKTeX 
2.9/fonts/type1/public/lm/lmro12.pfb><C:/Users/Daniel Wildegger/AppData/Local/P
rograms/MiKTeX 2.9/fonts/type1/public/lm/lmssbx10.pfb><C:/Users/Daniel Wildegge
r/AppData/Local/Programs/MiKTeX 2.9/fonts/type1/public/lm/lmsy10.pfb><C:/Users/
Daniel Wildegger/AppData/Local/Programs/MiKTeX 2.9/fonts/type1/public/lm/lmtk10
.pfb><C:/Users/Daniel Wildegger/AppData/Local/Programs/MiKTeX 2.9/fonts/type1/p
ublic/lm/lmtt10.pfb><C:/Users/Daniel Wildegger/AppData/Local/Programs/MiKTeX 2.
9/fonts/type1/public/lm/lmtt12.pfb>
Output written on vorlage.pdf (34 pages, 550312 bytes).
PDF statistics:
 951 PDF objects out of 1000 (max. 8388607)
 489 named destinations out of 1000 (max. 500000)
 304 words of extra memory for PDF output out of 10000 (max. 10000000)

